20:11:34 INFO  - Start test - >studentRegFormTest
20:11:34 INFO  - Start search ->By.xpath: //div[@class='category-cards']/div[2]
20:11:34 INFO  - By.xpath: //div[@class='category-cards']/div[2]<- found
20:11:35 INFO  - Start search ->By.xpath: //span[.='Practice Form']
20:11:35 INFO  - By.xpath: //span[.='Practice Form']<- found
20:11:35 INFO  - Start search ->By.id: firstName
20:11:35 INFO  - By.id: firstName<- found
20:11:35 INFO  - Start search ->By.id: firstName
20:11:35 INFO  - By.id: firstName<- found
20:11:35 INFO  - Start search ->By.id: firstName
20:11:35 INFO  - By.id: firstName<- found
20:11:35 INFO  - Start search ->By.id: lastName
20:11:35 INFO  - By.id: lastName<- found
20:11:35 INFO  - Start search ->By.id: lastName
20:11:35 INFO  - By.id: lastName<- found
20:11:35 INFO  - Start search ->By.id: lastName
20:11:35 INFO  - By.id: lastName<- found
20:11:36 INFO  - Start search ->By.id: userEmail
20:11:36 INFO  - By.id: userEmail<- found
20:11:36 INFO  - Start search ->By.id: userEmail
20:11:36 INFO  - By.id: userEmail<- found
20:11:36 INFO  - Start search ->By.id: userEmail
20:11:36 INFO  - By.id: userEmail<- found
20:11:36 INFO  - Start search ->By.xpath: //label[@for='gender-radio-1']
20:11:36 INFO  - By.xpath: //label[@for='gender-radio-1']<- found
20:11:37 INFO  - Start search ->By.id: userNumber
20:11:37 INFO  - By.id: userNumber<- found
20:11:37 INFO  - Start search ->By.id: userNumber
20:11:37 INFO  - By.id: userNumber<- found
20:11:37 INFO  - Start search ->By.id: userNumber
20:11:37 INFO  - By.id: userNumber<- found
20:11:37 INFO  - Start search ->By.id: dateOfBirthInput
20:11:37 INFO  - By.id: dateOfBirthInput<- found
20:11:37 INFO  - Start search ->By.cssSelector: .react-datepicker__month-select
20:11:37 INFO  - By.cssSelector: .react-datepicker__month-select<- found
20:11:37 INFO  - Start search ->By.xpath: .//option[normalize-space(.) = "May"]
20:11:37 INFO  - By.xpath: .//option[normalize-space(.) = "May"]<- found
20:11:37 INFO  - Start search ->By.cssSelector: .react-datepicker__year-select
20:11:37 INFO  - By.cssSelector: .react-datepicker__year-select<- found
20:11:37 INFO  - Start search ->By.xpath: .//option[normalize-space(.) = "1999"]
20:11:38 INFO  - By.xpath: .//option[normalize-space(.) = "1999"]<- found
20:11:38 INFO  - Start search ->By.xpath: //div[.='25']
20:11:38 INFO  - By.xpath: //div[.='25']<- found
20:11:38 INFO  - Start search ->By.id: currentAddress
20:11:38 INFO  - By.id: currentAddress<- found
20:11:39 ERROR - org.openqa.selenium.ElementClickInterceptedException: element click intercepted: Element <textarea placeholder="Current Address" rows="5" cols="20" id="currentAddress" class="form-control"></textarea> is not clickable at point (807, 696). Other element would receive the click: <span>...</span>
  (Session info: chrome=87.0.4280.141)
Build info: version: '3.141.59', revision: 'e82be7d358', time: '2018-11-14T08:17:03'
System info: host: 'MacBook-Pro-Taya.local', ip: 'fe80:0:0:0:875:6837:8444:8711%en0', os.name: 'Mac OS X', os.arch: 'x86_64', os.version: '10.16', java.version: '1.8.0_151'
Driver info: org.openqa.selenium.chrome.ChromeDriver
Capabilities {acceptInsecureCerts: false, browserName: chrome, browserVersion: 87.0.4280.141, chrome: {chromedriverVersion: 87.0.4280.88 (89e2380a3e36c..., userDataDir: /var/folders/s_/hl4vhy0959g...}, goog:chromeOptions: {debuggerAddress: localhost:62417}, javascriptEnabled: true, networkConnectionEnabled: false, pageLoadStrategy: normal, platform: MAC, platformName: MAC, proxy: Proxy(), setWindowRect: true, strictFileInteractability: false, timeouts: {implicit: 0, pageLoad: 300000, script: 30000}, unhandledPromptBehavior: dismiss and notify, webauthn:virtualAuthenticators: true}
Session ID: 4568f71e5fbbb3ed8779c6a9d18333e9
20:11:40 ERROR - src/test/screenshots/screen-1611598299479.png
20:11:40 INFO  - End of test -> studentRegFormTest
************************************
