19:17:59 INFO  - Start test - >studentRegFormTest
19:17:59 INFO  - Start search ->By.xpath: //div[@class='category-cards']/div[2]
19:17:59 INFO  - By.xpath: //div[@class='category-cards']/div[2]<- found
19:17:59 INFO  - Start search ->By.xpath: //span[.='Practice Form']
19:17:59 INFO  - By.xpath: //span[.='Practice Form']<- found
19:18:00 INFO  - Start search ->By.id: firstName
19:18:00 INFO  - By.id: firstName<- found
19:18:01 INFO  - Start search ->By.id: firstName
19:18:01 INFO  - By.id: firstName<- found
19:18:01 INFO  - Start search ->By.id: firstName
19:18:01 INFO  - By.id: firstName<- found
19:18:01 INFO  - Start search ->By.id: lastName
19:18:01 INFO  - By.id: lastName<- found
19:18:01 INFO  - Start search ->By.id: lastName
19:18:01 INFO  - By.id: lastName<- found
19:18:01 INFO  - Start search ->By.id: lastName
19:18:01 INFO  - By.id: lastName<- found
19:18:01 INFO  - Start search ->By.id: userEmail
19:18:01 INFO  - By.id: userEmail<- found
19:18:02 INFO  - Start search ->By.id: userEmail
19:18:02 INFO  - By.id: userEmail<- found
19:18:02 INFO  - Start search ->By.id: userEmail
19:18:02 INFO  - By.id: userEmail<- found
19:18:02 INFO  - Start search ->By.xpath: //label[@for='gender-radio-1']
19:18:02 INFO  - By.xpath: //label[@for='gender-radio-1']<- found
19:18:03 INFO  - Start search ->By.id: userNumber
19:18:03 INFO  - By.id: userNumber<- found
19:18:03 INFO  - Start search ->By.id: userNumber
19:18:03 INFO  - By.id: userNumber<- found
19:18:03 INFO  - Start search ->By.id: userNumber
19:18:03 INFO  - By.id: userNumber<- found
19:18:03 INFO  - Start search ->By.id: dateOfBirthInput
19:18:03 INFO  - By.id: dateOfBirthInput<- found
19:18:04 INFO  - Start search ->By.id: submit
19:18:04 INFO  - By.id: submit<- found
19:18:05 ERROR - org.openqa.selenium.ElementClickInterceptedException: element click intercepted: Element <button id="submit" type="submit" class="btn btn-primary">...</button> is not clickable at point (1018, 733). Other element would receive the click: <footer>...</footer>
  (Session info: chrome=87.0.4280.141)
Build info: version: '3.141.59', revision: 'e82be7d358', time: '2018-11-14T08:17:03'
System info: host: 'MacBook-Pro-Taya.local', ip: 'fe80:0:0:0:875:6837:8444:8711%en0', os.name: 'Mac OS X', os.arch: 'x86_64', os.version: '10.16', java.version: '1.8.0_151'
Driver info: org.openqa.selenium.chrome.ChromeDriver
Capabilities {acceptInsecureCerts: false, browserName: chrome, browserVersion: 87.0.4280.141, chrome: {chromedriverVersion: 87.0.4280.88 (89e2380a3e36c..., userDataDir: /var/folders/s_/hl4vhy0959g...}, goog:chromeOptions: {debuggerAddress: localhost:51311}, javascriptEnabled: true, networkConnectionEnabled: false, pageLoadStrategy: normal, platform: MAC, platformName: MAC, proxy: Proxy(), setWindowRect: true, strictFileInteractability: false, timeouts: {implicit: 0, pageLoad: 300000, script: 30000}, unhandledPromptBehavior: dismiss and notify, webauthn:virtualAuthenticators: true}
Session ID: 37da9d5322089b3410c43e45822f181b
19:18:06 ERROR - src/test/screenshots/screen-1611595085326.png
19:18:06 INFO  - End of test -> studentRegFormTest
************************************
