20:58:42 INFO  - Start test - >studentRegFormTest
20:58:42 INFO  - Start search ->By.xpath: //div[@class='category-cards']/div[2]
20:58:42 INFO  - By.xpath: //div[@class='category-cards']/div[2]<- found
20:58:42 INFO  - Start search ->By.xpath: //span[.='Practice Form']
20:58:42 INFO  - By.xpath: //span[.='Practice Form']<- found
20:58:43 INFO  - Start search ->By.id: firstName
20:58:43 INFO  - By.id: firstName<- found
20:58:43 INFO  - Start search ->By.id: firstName
20:58:43 INFO  - By.id: firstName<- found
20:58:43 INFO  - Start search ->By.id: firstName
20:58:43 INFO  - By.id: firstName<- found
20:58:43 INFO  - Start search ->By.id: lastName
20:58:43 INFO  - By.id: lastName<- found
20:58:43 INFO  - Start search ->By.id: lastName
20:58:43 INFO  - By.id: lastName<- found
20:58:43 INFO  - Start search ->By.id: lastName
20:58:44 INFO  - By.id: lastName<- found
20:58:44 INFO  - Start search ->By.id: userEmail
20:58:44 INFO  - By.id: userEmail<- found
20:58:44 INFO  - Start search ->By.id: userEmail
20:58:44 INFO  - By.id: userEmail<- found
20:58:44 INFO  - Start search ->By.id: userEmail
20:58:44 INFO  - By.id: userEmail<- found
20:58:44 INFO  - Start search ->By.xpath: //label[@for='gender-radio-1']
20:58:44 INFO  - By.xpath: //label[@for='gender-radio-1']<- found
20:58:45 INFO  - Start search ->By.id: userNumber
20:58:45 INFO  - By.id: userNumber<- found
20:58:45 INFO  - Start search ->By.id: userNumber
20:58:45 INFO  - By.id: userNumber<- found
20:58:45 INFO  - Start search ->By.id: userNumber
20:58:45 INFO  - By.id: userNumber<- found
20:58:45 INFO  - Start search ->By.id: dateOfBirthInput
20:58:45 INFO  - By.id: dateOfBirthInput<- found
20:58:45 INFO  - Start search ->By.id: submit
20:58:45 INFO  - By.id: submit<- found
20:58:46 ERROR - org.openqa.selenium.ElementClickInterceptedException: element click intercepted: Element <button id="submit" type="submit" class="btn btn-primary">...</button> is not clickable at point (1018, 733). Other element would receive the click: <footer>...</footer>
  (Session info: chrome=87.0.4280.141)
Build info: version: '3.141.59', revision: 'e82be7d358', time: '2018-11-14T08:17:03'
System info: host: 'MacBook-Pro-Taya.local', ip: 'fe80:0:0:0:875:6837:8444:8711%en0', os.name: 'Mac OS X', os.arch: 'x86_64', os.version: '10.16', java.version: '1.8.0_151'
Driver info: org.openqa.selenium.chrome.ChromeDriver
Capabilities {acceptInsecureCerts: false, browserName: chrome, browserVersion: 87.0.4280.141, chrome: {chromedriverVersion: 87.0.4280.88 (89e2380a3e36c..., userDataDir: /var/folders/s_/hl4vhy0959g...}, goog:chromeOptions: {debuggerAddress: localhost:60269}, javascriptEnabled: true, networkConnectionEnabled: false, pageLoadStrategy: normal, platform: MAC, platformName: MAC, proxy: Proxy(), setWindowRect: true, strictFileInteractability: false, timeouts: {implicit: 0, pageLoad: 300000, script: 30000}, unhandledPromptBehavior: dismiss and notify, webauthn:virtualAuthenticators: true}
Session ID: 5111cdf1ff213cc9d6ab398acbb1cd12
20:58:47 ERROR - src/test/screenshots/screen-1611255526847.png
20:58:47 INFO  - End of test -> studentRegFormTest
************************************
